2025-06-22 15:29:01 - [INFO] - Script execution started.
2025-06-22 15:29:01 - [INFO] - Generating keys for justin.pkey...
2025-06-22 15:29:02 - [SUCCESS] - Keys generation output captured for justin.pkey.
   Version warning: a new version of Flow CLI is available (v2.2.19).    Read the installation guide for upgrade instructions: https://developers.flow.com/tools/flow-cli/install     Store private key safely and don't share with anyone!  Private Key 		 7e022dccbe7e03abb3884b0ead9d0c9be0d8e924267bfe282c8de67a1bc91b5b  Public Key 		 87b0a450e59a19063c0cfdd48820b750100c41a423674ee6f34067761cca06cd3b2f13e4cc801ce91f5fbf00300c4eacfdcc05cfd898b37ab02caa0b6f710ddd  Mnemonic 		 hen smart open school eight observe cool large dust limb alert cushion  Derivation Path 	 m/44'/539'/0'/0/0  Signature Algorithm 	 ECDSA_P256  
2025-06-22 15:29:02 - [INFO] - Extracting and saving Private Key for justin.pkey...
2025-06-22 15:29:02 - [SUCCESS] - Private Key saved to justin.pkey.
2025-06-22 15:29:02 - [INFO] - Extracting Public Key and creating account for justin.pkey...
2025-06-22 15:29:02 - [SUCCESS] - Account created with Public Key: 87b0a450e59a19063c0cfdd48820b750100c41a423674ee6f34067761cca06cd3b2f13e4cc801ce91f5fbf00300c4eacfdcc05cfd898b37ab02caa0b6f710ddd for justin.pkey.
   Version warning: a new version of Flow CLI is available (v2.2.19).    Read the installation guide for upgrade instructions: https://developers.flow.com/tools/flow-cli/install   Transaction ID: bddb8c644fbb91d248d05ae5eebafc81152355f1e34b365afc391f54d2ec8076   Address	 0x179b6b1cb6755e31 Balance	 0.00100000 Keys	 1  Key 0	Public Key		 87b0a450e59a19063c0cfdd48820b750100c41a423674ee6f34067761cca06cd3b2f13e4cc801ce91f5fbf00300c4eacfdcc05cfd898b37ab02caa0b6f710ddd 	Weight			 1000 	Signature Algorithm	 ECDSA_P256 	Hash Algorithm		 SHA3_256 	Revoked 		 false 	Sequence Number 	 0 	Index 			 0  Contracts Deployed: 0   Contracts (hidden, use --include contracts) 
2025-06-22 15:29:02 - [INFO] - Funding account 0xf8d6e0586b0a20c7 with 1000.0 FLOW...
2025-06-22 15:29:02 - [SUCCESS] - Account 0xf8d6e0586b0a20c7 funded with 1000.0 FLOW.
   Version warning: a new version of Flow CLI is available (v2.2.19).    Read the installation guide for upgrade instructions: https://developers.flow.com/tools/flow-cli/install   
2025-06-22 15:29:02 - [INFO] - Verifying balance for account 0xf8d6e0586b0a20c7...
2025-06-22 15:29:03 - [SUCCESS] - Balance verified for account 0xf8d6e0586b0a20c7.
   Version warning: a new version of Flow CLI is available (v2.2.19).    Read the installation guide for upgrade instructions: https://developers.flow.com/tools/flow-cli/install   
2025-06-22 15:29:03 - [INFO] - Funding account 0x179b6b1cb6755e31 with 1000.0 FLOW...
2025-06-22 15:29:03 - [SUCCESS] - Account 0x179b6b1cb6755e31 funded with 1000.0 FLOW.
   Version warning: a new version of Flow CLI is available (v2.2.19).    Read the installation guide for upgrade instructions: https://developers.flow.com/tools/flow-cli/install   
2025-06-22 15:29:03 - [INFO] - Verifying balance for account 0x179b6b1cb6755e31...
2025-06-22 15:29:03 - [SUCCESS] - Balance verified for account 0x179b6b1cb6755e31.
   Version warning: a new version of Flow CLI is available (v2.2.19).    Read the installation guide for upgrade instructions: https://developers.flow.com/tools/flow-cli/install   
2025-06-22 15:29:03 - [INFO] - Script execution completed successfully.
2025-06-22 15:30:35 - [INFO] - Script execution started.
2025-06-22 15:30:36 - [INFO] - Generating keys for justin.pkey...
2025-06-22 15:30:36 - [SUCCESS] - Keys generation output captured for justin.pkey.
   Version warning: a new version of Flow CLI is available (v2.2.19).    Read the installation guide for upgrade instructions: https://developers.flow.com/tools/flow-cli/install     Store private key safely and don't share with anyone!  Private Key 		 d280d5ee15cfbbd261ba557f3c3654b8264175a2c2bdd57303b98c85dcd44c9b  Public Key 		 63d069d4098c06e72c9dc7c34587f330df4980e559db2c0e47d740c6497fe05ba4c74aeb8fd98b444dbd4c2e37ed688a4b85373c5ec362009782cf958b454905  Mnemonic 		 palace atom acoustic know act town clean spell kiss vacant walk bachelor  Derivation Path 	 m/44'/539'/0'/0/0  Signature Algorithm 	 ECDSA_P256  
2025-06-22 15:30:36 - [INFO] - Extracting and saving Private Key for justin.pkey...
2025-06-22 15:30:36 - [SUCCESS] - Private Key saved to justin.pkey.
2025-06-22 15:30:36 - [INFO] - Extracting Public Key and creating account for justin.pkey...
2025-06-22 15:30:36 - [SUCCESS] - Account created with Public Key: 63d069d4098c06e72c9dc7c34587f330df4980e559db2c0e47d740c6497fe05ba4c74aeb8fd98b444dbd4c2e37ed688a4b85373c5ec362009782cf958b454905 for justin.pkey.
   Version warning: a new version of Flow CLI is available (v2.2.19).    Read the installation guide for upgrade instructions: https://developers.flow.com/tools/flow-cli/install   Transaction ID: 710be92f25437bd4892ebceb7eeec2e60bbc2d0255153f4e58f0e8695b67a031   Address	 0x179b6b1cb6755e31 Balance	 0.00100000 Keys	 1  Key 0	Public Key		 63d069d4098c06e72c9dc7c34587f330df4980e559db2c0e47d740c6497fe05ba4c74aeb8fd98b444dbd4c2e37ed688a4b85373c5ec362009782cf958b454905 	Weight			 1000 	Signature Algorithm	 ECDSA_P256 	Hash Algorithm		 SHA3_256 	Revoked 		 false 	Sequence Number 	 0 	Index 			 0  Contracts Deployed: 0   Contracts (hidden, use --include contracts) 
2025-06-22 15:30:36 - [INFO] - Funding account 0xf8d6e0586b0a20c7 with 1000.0 FLOW...
2025-06-22 15:30:37 - [SUCCESS] - Account 0xf8d6e0586b0a20c7 funded with 1000.0 FLOW.
   Version warning: a new version of Flow CLI is available (v2.2.19).    Read the installation guide for upgrade instructions: https://developers.flow.com/tools/flow-cli/install   Transaction ID: 1e8ce47f6166fad65c9fd6a1f4971cd6e70ef4a958dc0cc17ad1e1ec70d02cca   Block ID	0cf09dcc66944f2daff9f6d93407b123dd36a5b8f530b0f3b31798226bf876d3 Block Height	5 Status		 SEALED ID		1e8ce47f6166fad65c9fd6a1f4971cd6e70ef4a958dc0cc17ad1e1ec70d02cca Payer		f8d6e0586b0a20c7 Authorizers	[f8d6e0586b0a20c7]  Proposal Key:	     Address	f8d6e0586b0a20c7     Index	0     Sequence	4  No Payload Signatures  Envelope Signature 0: f8d6e0586b0a20c7 Signatures (minimized, use --include signatures)  Events:		      Index	0     Type	A.0ae53cb6e3f42a79.FlowToken.MinterCreated     Tx ID	1e8ce47f6166fad65c9fd6a1f4971cd6e70ef4a958dc0cc17ad1e1ec70d02cca     Values 		- allowedAmount (UFix64): 1000.00000000       Index	1     Type	A.0ae53cb6e3f42a79.FlowToken.TokensMinted     Tx ID	1e8ce47f6166fad65c9fd6a1f4971cd6e70ef4a958dc0cc17ad1e1ec70d02cca     Values 		- amount (UFix64): 1000.00000000       Index	2     Type	A.ee82856bf20e2aa6.FungibleToken.Deposited     Tx ID	1e8ce47f6166fad65c9fd6a1f4971cd6e70ef4a958dc0cc17ad1e1ec70d02cca     Values 		- amount (UFix64): 1000.00000000  		- balanceAfter (UFix64): 1000000999.99500000  		- depositedUUID (UInt64): 229797930205185  		- to ((Address)?): 0xf8d6e0586b0a20c7  		- toUUID (UInt64): 2  		- type (String): "A.0ae53cb6e3f42a79.FlowToken.Vault"     Code (hidden, use --include code)  Payload (hidden, use --include payload)  Fee Events (hidden, use --include fee-events) 
2025-06-22 15:30:37 - [INFO] - Verifying balance for account 0xf8d6e0586b0a20c7...
2025-06-22 15:30:37 - [SUCCESS] - Balance verified for account 0xf8d6e0586b0a20c7.
   Version warning: a new version of Flow CLI is available (v2.2.19).    Read the installation guide for upgrade instructions: https://developers.flow.com/tools/flow-cli/install    Result: 1000000999.99500000  
2025-06-22 15:30:37 - [INFO] - Funding account 0x179b6b1cb6755e31 with 1000.0 FLOW...
2025-06-22 15:30:38 - [SUCCESS] - Account 0x179b6b1cb6755e31 funded with 1000.0 FLOW.
   Version warning: a new version of Flow CLI is available (v2.2.19).    Read the installation guide for upgrade instructions: https://developers.flow.com/tools/flow-cli/install   Transaction ID: a2a259be16f264be61ae409e7fb37115f985fc6d041ba148ff9b22a3af2b7027   Block ID	1fbb408825edcc7ae346809ce9c8e54f80c5c5c339aa67c108bbad7ea33e484e Block Height	6 Status		 SEALED ID		a2a259be16f264be61ae409e7fb37115f985fc6d041ba148ff9b22a3af2b7027 Payer		f8d6e0586b0a20c7 Authorizers	[f8d6e0586b0a20c7]  Proposal Key:	     Address	f8d6e0586b0a20c7     Index	0     Sequence	5  No Payload Signatures  Envelope Signature 0: f8d6e0586b0a20c7 Signatures (minimized, use --include signatures)  Events:		      Index	0     Type	A.0ae53cb6e3f42a79.FlowToken.MinterCreated     Tx ID	a2a259be16f264be61ae409e7fb37115f985fc6d041ba148ff9b22a3af2b7027     Values 		- allowedAmount (UFix64): 1000.00000000       Index	1     Type	A.0ae53cb6e3f42a79.FlowToken.TokensMinted     Tx ID	a2a259be16f264be61ae409e7fb37115f985fc6d041ba148ff9b22a3af2b7027     Values 		- amount (UFix64): 1000.00000000       Index	2     Type	A.0ae53cb6e3f42a79.FlowToken.TokensDeposited     Tx ID	a2a259be16f264be61ae409e7fb37115f985fc6d041ba148ff9b22a3af2b7027     Values 		- amount (UFix64): 1000.00000000  		- to ((Address)?): 0x179b6b1cb6755e31       Index	3     Type	A.ee82856bf20e2aa6.FungibleToken.Deposited     Tx ID	a2a259be16f264be61ae409e7fb37115f985fc6d041ba148ff9b22a3af2b7027     Values 		- amount (UFix64): 1000.00000000  		- balanceAfter (UFix64): 1000.00100000  		- depositedUUID (UInt64): 128642860449793  		- to ((Address)?): 0x179b6b1cb6755e31  		- toUUID (UInt64): 67070209294338  		- type (String): "A.0ae53cb6e3f42a79.FlowToken.Vault"     Code (hidden, use --include code)  Payload (hidden, use --include payload)  Fee Events (hidden, use --include fee-events) 
2025-06-22 15:30:38 - [INFO] - Verifying balance for account 0x179b6b1cb6755e31...
2025-06-22 15:30:38 - [SUCCESS] - Balance verified for account 0x179b6b1cb6755e31.
   Version warning: a new version of Flow CLI is available (v2.2.19).    Read the installation guide for upgrade instructions: https://developers.flow.com/tools/flow-cli/install    Result: 1000.00100000  
2025-06-22 15:30:38 - [INFO] - Script execution completed successfully.
2025-06-22 15:36:19 - [INFO] - Script execution started.
2025-06-22 15:36:19 - [INFO] - Generating keys for justin.pkey...
2025-06-22 15:36:19 - [SUCCESS] - Keys generation output captured for justin.pkey.
  Store private key safely and don't share with anyone!  Private Key 		 e24a9f483ea9ead2c131f9cf025af393e386b34bae1d2a9fc8ec975831a39d1a  Public Key 		 ea4a18de7ddde9c601b483c1aef916bdf4dbf2cc6ad8ba18fc225bfbf199e332d8ec1aef41869964f219108f11214542ffc341415a5faf7e40cc779872ffca6b  Mnemonic 		 cloud assault avocado input quick today crop ticket mosquito abuse lyrics juice  Derivation Path 	 m/44'/539'/0'/0/0  Signature Algorithm 	 ECDSA_P256  
2025-06-22 15:36:19 - [INFO] - Extracting and saving Private Key for justin.pkey...
2025-06-22 15:36:19 - [SUCCESS] - Private Key saved to justin.pkey.
2025-06-22 15:36:19 - [INFO] - Extracting Public Key and creating account for justin.pkey...
2025-06-22 15:36:19 - [SUCCESS] - Account created with Public Key: ea4a18de7ddde9c601b483c1aef916bdf4dbf2cc6ad8ba18fc225bfbf199e332d8ec1aef41869964f219108f11214542ffc341415a5faf7e40cc779872ffca6b for justin.pkey.
Transaction ID: fa8bb70ddf9df824033d849d542349fa3b5b7c9195b585e30140a53d2aaae27a   Address	 0x179b6b1cb6755e31 Balance	 0.00100000 Keys	 1  Key 0	Public Key		 ea4a18de7ddde9c601b483c1aef916bdf4dbf2cc6ad8ba18fc225bfbf199e332d8ec1aef41869964f219108f11214542ffc341415a5faf7e40cc779872ffca6b 	Weight			 1000 	Signature Algorithm	 ECDSA_P256 	Hash Algorithm		 SHA3_256 	Revoked 		 false 	Sequence Number 	 0 	Index 			 0  Contracts Deployed: 0   Contracts (hidden, use --include contracts) 
2025-06-22 15:36:19 - [INFO] - Funding account 0xf8d6e0586b0a20c7 with 1000.0 FLOW...
2025-06-22 15:36:20 - [SUCCESS] - Account 0xf8d6e0586b0a20c7 funded with 1000.0 FLOW.
Transaction ID: d66a40f54a5357d90d472ddbc914046e1e74995781b93dcc742bef5ae70ffb2c   Block ID	d58715fbef1ff0e421cf38804858ba8d8427a8026581843f6813ba0b0971705c Block Height	2 Status		 SEALED ID		d66a40f54a5357d90d472ddbc914046e1e74995781b93dcc742bef5ae70ffb2c Payer		f8d6e0586b0a20c7 Authorizers	[f8d6e0586b0a20c7]  Proposal Key:	     Address	f8d6e0586b0a20c7     Index	0     Sequence	1  No Payload Signatures  Envelope Signature 0: f8d6e0586b0a20c7 Signatures (minimized, use --include signatures)  Events:		      Index	0     Type	A.0ae53cb6e3f42a79.FlowToken.MinterCreated     Tx ID	d66a40f54a5357d90d472ddbc914046e1e74995781b93dcc742bef5ae70ffb2c     Values 		- allowedAmount (UFix64): 1000.00000000       Index	1     Type	A.0ae53cb6e3f42a79.FlowToken.TokensMinted     Tx ID	d66a40f54a5357d90d472ddbc914046e1e74995781b93dcc742bef5ae70ffb2c     Values 		- amount (UFix64): 1000.00000000       Index	2     Type	A.ee82856bf20e2aa6.FungibleToken.Deposited     Tx ID	d66a40f54a5357d90d472ddbc914046e1e74995781b93dcc742bef5ae70ffb2c     Values 		- amount (UFix64): 1000.00000000  		- balanceAfter (UFix64): 1000000999.99500000  		- depositedUUID (UInt64): 58274116272129  		- to ((Address)?): 0xf8d6e0586b0a20c7  		- toUUID (UInt64): 0  		- type (String): "A.0ae53cb6e3f42a79.FlowToken.Vault"     Code (hidden, use --include code)  Payload (hidden, use --include payload)  Fee Events (hidden, use --include fee-events) 
2025-06-22 15:36:20 - [INFO] - Verifying balance for account 0xf8d6e0586b0a20c7...
2025-06-22 15:36:20 - [SUCCESS] - Balance verified for account 0xf8d6e0586b0a20c7.
 Result: 1000000999.99500000  
2025-06-22 15:36:20 - [INFO] - Funding account 0x179b6b1cb6755e31 with 1000.0 FLOW...
2025-06-22 15:36:21 - [SUCCESS] - Account 0x179b6b1cb6755e31 funded with 1000.0 FLOW.
Transaction ID: cbf86a008e5306345646c5286d970a5696df7a433b784ee2db36acd1b3c2a5a1   Block ID	0bfdab4f55c0327cf30c5999d0e269d27f02df3654c52b69ad27af12b38500a9 Block Height	3 Status		 SEALED ID		cbf86a008e5306345646c5286d970a5696df7a433b784ee2db36acd1b3c2a5a1 Payer		f8d6e0586b0a20c7 Authorizers	[f8d6e0586b0a20c7]  Proposal Key:	     Address	f8d6e0586b0a20c7     Index	0     Sequence	2  No Payload Signatures  Envelope Signature 0: f8d6e0586b0a20c7 Signatures (minimized, use --include signatures)  Events:		      Index	0     Type	A.0ae53cb6e3f42a79.FlowToken.MinterCreated     Tx ID	cbf86a008e5306345646c5286d970a5696df7a433b784ee2db36acd1b3c2a5a1     Values 		- allowedAmount (UFix64): 1000.00000000       Index	1     Type	A.0ae53cb6e3f42a79.FlowToken.TokensMinted     Tx ID	cbf86a008e5306345646c5286d970a5696df7a433b784ee2db36acd1b3c2a5a1     Values 		- amount (UFix64): 1000.00000000       Index	2     Type	A.0ae53cb6e3f42a79.FlowToken.TokensDeposited     Tx ID	cbf86a008e5306345646c5286d970a5696df7a433b784ee2db36acd1b3c2a5a1     Values 		- amount (UFix64): 1000.00000000  		- to ((Address)?): 0x179b6b1cb6755e31       Index	3     Type	A.ee82856bf20e2aa6.FungibleToken.Deposited     Tx ID	cbf86a008e5306345646c5286d970a5696df7a433b784ee2db36acd1b3c2a5a1     Values 		- amount (UFix64): 1000.00000000  		- balanceAfter (UFix64): 1000.00100000  		- depositedUUID (UInt64): 51677046505473  		- to ((Address)?): 0x179b6b1cb6755e31  		- toUUID (UInt64): 38482906972162  		- type (String): "A.0ae53cb6e3f42a79.FlowToken.Vault"     Code (hidden, use --include code)  Payload (hidden, use --include payload)  Fee Events (hidden, use --include fee-events) 
2025-06-22 15:36:21 - [INFO] - Verifying balance for account 0x179b6b1cb6755e31...
2025-06-22 15:36:21 - [SUCCESS] - Balance verified for account 0x179b6b1cb6755e31.
 Result: 1000.00100000  
2025-06-22 15:36:21 - [INFO] - Script execution completed successfully.
2025-06-22 16:23:46 - [INFO] - Script execution started.
2025-06-22 16:23:46 - [INFO] - Generating keys for justin.pkey...
2025-06-22 16:23:46 - [SUCCESS] - Keys generation output captured for justin.pkey.
  Store private key safely and don't share with anyone!  Private Key 		 7064aabb585dd91f22ddf19287c759bf0a272e9fcdf9878e267b145dcc9c99d1  Public Key 		 7181ef2d9021eace0ebca2b3103e431b4b90d53a8fea1e56eb69e5b29267b52fba26be16da38bcc8c28c8575a364473d81c139ab5f539ac196661215e37f3aeb  Mnemonic 		 family jump window magic rescue road involve front raise success minimum color  Derivation Path 	 m/44'/539'/0'/0/0  Signature Algorithm 	 ECDSA_P256  
2025-06-22 16:23:46 - [INFO] - Extracting and saving Private Key for justin.pkey...
2025-06-22 16:23:46 - [SUCCESS] - Private Key saved to justin.pkey.
2025-06-22 16:23:46 - [INFO] - Extracting Public Key and creating account for justin.pkey...
2025-06-22 16:23:47 - [SUCCESS] - Account created with Public Key: 7181ef2d9021eace0ebca2b3103e431b4b90d53a8fea1e56eb69e5b29267b52fba26be16da38bcc8c28c8575a364473d81c139ab5f539ac196661215e37f3aeb for justin.pkey.
Transaction ID: dae9c2d4b67970a2a535127d32a8c6e927d4ba0d99ea2ee08bc4ba13d60e7f83   Address	 0x179b6b1cb6755e31 Balance	 0.00100000 Keys	 1  Key 0	Public Key		 7181ef2d9021eace0ebca2b3103e431b4b90d53a8fea1e56eb69e5b29267b52fba26be16da38bcc8c28c8575a364473d81c139ab5f539ac196661215e37f3aeb 	Weight			 1000 	Signature Algorithm	 ECDSA_P256 	Hash Algorithm		 SHA3_256 	Revoked 		 false 	Sequence Number 	 0 	Index 			 0  Contracts Deployed: 0   Contracts (hidden, use --include contracts) 
2025-06-22 16:23:47 - [INFO] - Funding account 0xf8d6e0586b0a20c7 with 1000.0 FLOW...
2025-06-22 16:23:47 - [SUCCESS] - Account 0xf8d6e0586b0a20c7 funded with 1000.0 FLOW.
Transaction ID: d0b00d10f2d7133374c45742bc743c9282cec04dbe14ed4980095bcbafe5f8b3   Block ID	6abec5761988f248b8e4e8eb11673668043c1ddd12bc8ad5dac80e1a6705e7a2 Block Height	5 Status		 SEALED ID		d0b00d10f2d7133374c45742bc743c9282cec04dbe14ed4980095bcbafe5f8b3 Payer		f8d6e0586b0a20c7 Authorizers	[f8d6e0586b0a20c7]  Proposal Key:	     Address	f8d6e0586b0a20c7     Index	0     Sequence	4  No Payload Signatures  Envelope Signature 0: f8d6e0586b0a20c7 Signatures (minimized, use --include signatures)  Events:		      Index	0     Type	A.0ae53cb6e3f42a79.FlowToken.MinterCreated     Tx ID	d0b00d10f2d7133374c45742bc743c9282cec04dbe14ed4980095bcbafe5f8b3     Values 		- allowedAmount (UFix64): 1000.00000000       Index	1     Type	A.0ae53cb6e3f42a79.FlowToken.TokensMinted     Tx ID	d0b00d10f2d7133374c45742bc743c9282cec04dbe14ed4980095bcbafe5f8b3     Values 		- amount (UFix64): 1000.00000000       Index	2     Type	A.ee82856bf20e2aa6.FungibleToken.Deposited     Tx ID	d0b00d10f2d7133374c45742bc743c9282cec04dbe14ed4980095bcbafe5f8b3     Values 		- amount (UFix64): 1000.00000000  		- balanceAfter (UFix64): 1000000999.99500000  		- depositedUUID (UInt64): 270479860432897  		- to ((Address)?): 0xf8d6e0586b0a20c7  		- toUUID (UInt64): 0  		- type (String): "A.0ae53cb6e3f42a79.FlowToken.Vault"     Code (hidden, use --include code)  Payload (hidden, use --include payload)  Fee Events (hidden, use --include fee-events) 
2025-06-22 16:23:47 - [INFO] - Verifying balance for account 0xf8d6e0586b0a20c7...
2025-06-22 16:23:48 - [SUCCESS] - Balance verified for account 0xf8d6e0586b0a20c7.
 Result: 1000000999.99500000  
2025-06-22 16:23:48 - [INFO] - Funding account 0x179b6b1cb6755e31 with 1000.0 FLOW...
2025-06-22 16:23:48 - [SUCCESS] - Account 0x179b6b1cb6755e31 funded with 1000.0 FLOW.
Transaction ID: 7f87192c3105da7be4c132cb1503369b72151ed27eb148ba9ac3fc8a23a69b67   Block ID	ecd837d01aab25ab3001ade8c54bc53e11d8a9bf228c31b9fe5f37887027e44a Block Height	6 Status		 SEALED ID		7f87192c3105da7be4c132cb1503369b72151ed27eb148ba9ac3fc8a23a69b67 Payer		f8d6e0586b0a20c7 Authorizers	[f8d6e0586b0a20c7]  Proposal Key:	     Address	f8d6e0586b0a20c7     Index	0     Sequence	5  No Payload Signatures  Envelope Signature 0: f8d6e0586b0a20c7 Signatures (minimized, use --include signatures)  Events:		      Index	0     Type	A.0ae53cb6e3f42a79.FlowToken.MinterCreated     Tx ID	7f87192c3105da7be4c132cb1503369b72151ed27eb148ba9ac3fc8a23a69b67     Values 		- allowedAmount (UFix64): 1000.00000000       Index	1     Type	A.0ae53cb6e3f42a79.FlowToken.TokensMinted     Tx ID	7f87192c3105da7be4c132cb1503369b72151ed27eb148ba9ac3fc8a23a69b67     Values 		- amount (UFix64): 1000.00000000       Index	2     Type	A.0ae53cb6e3f42a79.FlowToken.TokensDeposited     Tx ID	7f87192c3105da7be4c132cb1503369b72151ed27eb148ba9ac3fc8a23a69b67     Values 		- amount (UFix64): 1000.00000000  		- to ((Address)?): 0x179b6b1cb6755e31       Index	3     Type	A.ee82856bf20e2aa6.FungibleToken.Deposited     Tx ID	7f87192c3105da7be4c132cb1503369b72151ed27eb148ba9ac3fc8a23a69b67     Values 		- amount (UFix64): 1000.00000000  		- balanceAfter (UFix64): 1000.00100000  		- depositedUUID (UInt64): 221001837182977  		- to ((Address)?): 0x179b6b1cb6755e31  		- toUUID (UInt64): 205608674394114  		- type (String): "A.0ae53cb6e3f42a79.FlowToken.Vault"     Code (hidden, use --include code)  Payload (hidden, use --include payload)  Fee Events (hidden, use --include fee-events) 
2025-06-22 16:23:48 - [INFO] - Verifying balance for account 0x179b6b1cb6755e31...
2025-06-22 16:23:48 - [SUCCESS] - Balance verified for account 0x179b6b1cb6755e31.
 Result: 1000.00100000  
2025-06-22 16:23:48 - [INFO] - Script execution completed successfully.
2025-06-22 17:41:55 - [INFO] - Script execution started.
2025-06-22 17:41:55 - [INFO] - Generating keys for justin.pkey...
2025-06-22 17:41:55 - [SUCCESS] - Keys generation output captured for justin.pkey.
  Store private key safely and don't share with anyone!  Private Key 		 3c18982612fa9bc21350d3b19f70512bc150f317943d68d3dd2f8e5d4eb080d1  Public Key 		 12350dbddfa41b4e649d8a4c2077bc5ad2d2b12b6ac02896733cd3395a6b99ce630fa47539486c55fe5411b79c86955349b7ef01e6e0e29b84c1f1b2053bc986  Mnemonic 		 plate inner pretty toss stone damage coffee high position pulse message multiply  Derivation Path 	 m/44'/539'/0'/0/0  Signature Algorithm 	 ECDSA_P256  
2025-06-22 17:41:55 - [INFO] - Extracting and saving Private Key for justin.pkey...
2025-06-22 17:41:55 - [SUCCESS] - Private Key saved to justin.pkey.
2025-06-22 17:41:55 - [INFO] - Extracting Public Key and creating account for justin.pkey...
2025-06-22 17:41:56 - [SUCCESS] - Account created with Public Key: 12350dbddfa41b4e649d8a4c2077bc5ad2d2b12b6ac02896733cd3395a6b99ce630fa47539486c55fe5411b79c86955349b7ef01e6e0e29b84c1f1b2053bc986 for justin.pkey.
Transaction ID: ed5bec56aa080b66376d01ce6916e5fe591d6cd49df648fb909e005c4305423c   Address	 0x179b6b1cb6755e31 Balance	 0.00100000 Keys	 1  Key 0	Public Key		 12350dbddfa41b4e649d8a4c2077bc5ad2d2b12b6ac02896733cd3395a6b99ce630fa47539486c55fe5411b79c86955349b7ef01e6e0e29b84c1f1b2053bc986 	Weight			 1000 	Signature Algorithm	 ECDSA_P256 	Hash Algorithm		 SHA3_256 	Revoked 		 false 	Sequence Number 	 0 	Index 			 0  Contracts Deployed: 0   Contracts (hidden, use --include contracts) 
2025-06-22 17:41:56 - [INFO] - Funding account 0xf8d6e0586b0a20c7 with 1000.0 FLOW...
2025-06-22 17:41:56 - [SUCCESS] - Account 0xf8d6e0586b0a20c7 funded with 1000.0 FLOW.
Transaction ID: 7b1c2d9f94d1eaeafd301c408e3b550071385110d6bc0270066977971a16327d   Block ID	9409c1dcdc35074e34d969e2d93aff3dd27c389c6012f8d4bc1f83c182c88b29 Block Height	6 Status		 SEALED ID		7b1c2d9f94d1eaeafd301c408e3b550071385110d6bc0270066977971a16327d Payer		f8d6e0586b0a20c7 Authorizers	[f8d6e0586b0a20c7]  Proposal Key:	     Address	f8d6e0586b0a20c7     Index	0     Sequence	5  No Payload Signatures  Envelope Signature 0: f8d6e0586b0a20c7 Signatures (minimized, use --include signatures)  Events:		      Index	0     Type	A.0ae53cb6e3f42a79.FlowToken.MinterCreated     Tx ID	7b1c2d9f94d1eaeafd301c408e3b550071385110d6bc0270066977971a16327d     Values 		- allowedAmount (UFix64): 1000.00000000       Index	1     Type	A.0ae53cb6e3f42a79.FlowToken.TokensMinted     Tx ID	7b1c2d9f94d1eaeafd301c408e3b550071385110d6bc0270066977971a16327d     Values 		- amount (UFix64): 1000.00000000       Index	2     Type	A.ee82856bf20e2aa6.FungibleToken.Deposited     Tx ID	7b1c2d9f94d1eaeafd301c408e3b550071385110d6bc0270066977971a16327d     Values 		- amount (UFix64): 1000.00000000  		- balanceAfter (UFix64): 1000000999.99500000  		- depositedUUID (UInt64): 197912092999681  		- to ((Address)?): 0xf8d6e0586b0a20c7  		- toUUID (UInt64): 0  		- type (String): "A.0ae53cb6e3f42a79.FlowToken.Vault"     Code (hidden, use --include code)  Payload (hidden, use --include payload)  Fee Events (hidden, use --include fee-events) 
2025-06-22 17:41:56 - [INFO] - Verifying balance for account 0xf8d6e0586b0a20c7...
2025-06-22 17:41:56 - [SUCCESS] - Balance verified for account 0xf8d6e0586b0a20c7.
 Result: 1000000999.99500000  
2025-06-22 17:41:56 - [INFO] - Funding account 0x179b6b1cb6755e31 with 1000.0 FLOW...
2025-06-22 17:41:57 - [SUCCESS] - Account 0x179b6b1cb6755e31 funded with 1000.0 FLOW.
Transaction ID: 46494b08b7ad99af73f10451923a01d155a73e72a2a8135d21d511f43e70de7d   Block ID	f5346e22b840eebd9937304e84efda5d172df34a5502f467b228cef216cacbb6 Block Height	7 Status		 SEALED ID		46494b08b7ad99af73f10451923a01d155a73e72a2a8135d21d511f43e70de7d Payer		f8d6e0586b0a20c7 Authorizers	[f8d6e0586b0a20c7]  Proposal Key:	     Address	f8d6e0586b0a20c7     Index	0     Sequence	6  No Payload Signatures  Envelope Signature 0: f8d6e0586b0a20c7 Signatures (minimized, use --include signatures)  Events:		      Index	0     Type	A.0ae53cb6e3f42a79.FlowToken.MinterCreated     Tx ID	46494b08b7ad99af73f10451923a01d155a73e72a2a8135d21d511f43e70de7d     Values 		- allowedAmount (UFix64): 1000.00000000       Index	1     Type	A.0ae53cb6e3f42a79.FlowToken.TokensMinted     Tx ID	46494b08b7ad99af73f10451923a01d155a73e72a2a8135d21d511f43e70de7d     Values 		- amount (UFix64): 1000.00000000       Index	2     Type	A.0ae53cb6e3f42a79.FlowToken.TokensDeposited     Tx ID	46494b08b7ad99af73f10451923a01d155a73e72a2a8135d21d511f43e70de7d     Values 		- amount (UFix64): 1000.00000000  		- to ((Address)?): 0x179b6b1cb6755e31       Index	3     Type	A.ee82856bf20e2aa6.FungibleToken.Deposited     Tx ID	46494b08b7ad99af73f10451923a01d155a73e72a2a8135d21d511f43e70de7d     Values 		- amount (UFix64): 1000.00000000  		- balanceAfter (UFix64): 1000.00100000  		- depositedUUID (UInt64): 40681930227713  		- to ((Address)?): 0x179b6b1cb6755e31  		- toUUID (UInt64): 103354093010946  		- type (String): "A.0ae53cb6e3f42a79.FlowToken.Vault"     Code (hidden, use --include code)  Payload (hidden, use --include payload)  Fee Events (hidden, use --include fee-events) 
2025-06-22 17:41:57 - [INFO] - Verifying balance for account 0x179b6b1cb6755e31...
2025-06-22 17:41:57 - [SUCCESS] - Balance verified for account 0x179b6b1cb6755e31.
 Result: 1000.00100000  
2025-06-22 17:41:57 - [INFO] - Script execution completed successfully.
